<?xml version="1.0" encoding="UTF-8"?>
<!-- Generated by org.testng.reporters.JUnitReportReporter -->
<testsuite hostname="DESKTOP-7RQMP4R" failures="0" tests="2" name="Tests.java.NewTest" time="1.061" errors="0" timestamp="2023-05-02T17:23:55 IST" skipped="0">
  <testcase classname="Tests.java.NewTest" name="second" time="0.535"/>
  <system-out/>
  <testcase classname="Tests.java.NewTest" name="first" time="0.526"/>
  <system-out/>
</testsuite> <!-- Tests.java.NewTest -->
